0 info it worked if it ends with ok
1 verbose cli [ 'C:\\Program Files\\nodejs\\node.exe',
1 verbose cli   'C:\\Program Files\\nodejs\\node_modules\\npm\\bin\\npm-cli.js',
1 verbose cli   'run',
1 verbose cli   'build' ]
2 info using npm@3.10.10
3 info using node@v6.10.3
4 verbose run-script [ 'prebuild', 'build', 'postbuild' ]
5 info lifecycle aspnetcoreangularwebpackstarter@0.0.0~prebuild: aspnetcoreangularwebpackstarter@0.0.0
6 silly lifecycle aspnetcoreangularwebpackstarter@0.0.0~prebuild: no script for prebuild, continuing
7 info lifecycle aspnetcoreangularwebpackstarter@0.0.0~build: aspnetcoreangularwebpackstarter@0.0.0
8 verbose lifecycle aspnetcoreangularwebpackstarter@0.0.0~build: unsafe-perm in lifecycle true
9 verbose lifecycle aspnetcoreangularwebpackstarter@0.0.0~build: PATH: C:\Program Files\nodejs\node_modules\npm\bin\node-gyp-bin;H:\Mymaste-crestchild\Microsoft.CrEST.UI\Microsoft.CrEST.UI\node_modules\.bin;C:\Windows\system32;C:\Windows;C:\Windows\System32\Wbem;C:\Windows\System32\WindowsPowerShell\v1.0\;C:\Program Files (x86)\Skype\Phone\;C:\Program Files\Microsoft SQL Server\110\DTS\Binn\;C:\Program Files (x86)\Microsoft SQL Server\110\Tools\Binn\;C:\Program Files\Microsoft SQL Server\110\Tools\Binn\;C:\Program Files (x86)\Microsoft SQL Server\110\Tools\Binn\ManagementStudio\;C:\Program Files (x86)\Microsoft Visual Studio 10.0\Common7\IDE\PrivateAssemblies\;C:\Program Files (x86)\Microsoft SQL Server\110\DTS\Binn\;C:\Program Files (x86)\Windows Kits\8.1\Windows Performance Toolkit\;C:\Program Files\TortoiseSVN\bin;C:\Program Files\Microsoft SQL Server\130\Tools\Binn\;C:\Program Files\dotnet\;C:\Program Files\nodejs\;C:\Users\USER\AppData\Roaming\npm
10 verbose lifecycle aspnetcoreangularwebpackstarter@0.0.0~build: CWD: H:\Mymaste-crestchild\Microsoft.CrEST.UI\Microsoft.CrEST.UI
11 silly lifecycle aspnetcoreangularwebpackstarter@0.0.0~build: Args: [ '/d /s /c',
11 silly lifecycle   'SET NODE_ENV=development && webpack -d --color && dotnet run' ]
12 silly lifecycle aspnetcoreangularwebpackstarter@0.0.0~build: Returned: code: 3221225786  signal: null
13 info lifecycle aspnetcoreangularwebpackstarter@0.0.0~build: Failed to exec build script
14 verbose stack Error: aspnetcoreangularwebpackstarter@0.0.0 build: `SET NODE_ENV=development && webpack -d --color && dotnet run`
14 verbose stack Exit status 3221225786
14 verbose stack     at EventEmitter.<anonymous> (C:\Program Files\nodejs\node_modules\npm\lib\utils\lifecycle.js:255:16)
14 verbose stack     at emitTwo (events.js:106:13)
14 verbose stack     at EventEmitter.emit (events.js:191:7)
14 verbose stack     at ChildProcess.<anonymous> (C:\Program Files\nodejs\node_modules\npm\lib\utils\spawn.js:40:14)
14 verbose stack     at emitTwo (events.js:106:13)
14 verbose stack     at ChildProcess.emit (events.js:191:7)
14 verbose stack     at maybeClose (internal/child_process.js:886:16)
14 verbose stack     at Process.ChildProcess._handle.onexit (internal/child_process.js:226:5)
15 verbose pkgid aspnetcoreangularwebpackstarter@0.0.0
16 verbose cwd H:\Mymaste-crestchild\Microsoft.CrEST.UI\Microsoft.CrEST.UI
17 error Windows_NT 6.3.9600
18 error argv "C:\\Program Files\\nodejs\\node.exe" "C:\\Program Files\\nodejs\\node_modules\\npm\\bin\\npm-cli.js" "run" "build"
19 error node v6.10.3
20 error npm  v3.10.10
21 error code ELIFECYCLE
22 error aspnetcoreangularwebpackstarter@0.0.0 build: `SET NODE_ENV=development && webpack -d --color && dotnet run`
22 error Exit status 3221225786
23 error Failed at the aspnetcoreangularwebpackstarter@0.0.0 build script 'SET NODE_ENV=development && webpack -d --color && dotnet run'.
23 error Make sure you have the latest version of node.js and npm installed.
23 error If you do, this is most likely a problem with the aspnetcoreangularwebpackstarter package,
23 error not with npm itself.
23 error Tell the author that this fails on your system:
23 error     SET NODE_ENV=development && webpack -d --color && dotnet run
23 error You can get information on how to open an issue for this project with:
23 error     npm bugs aspnetcoreangularwebpackstarter
23 error Or if that isn't available, you can get their info via:
23 error     npm owner ls aspnetcoreangularwebpackstarter
23 error There is likely additional logging output above.
24 verbose exit [ 1, true ]
